[0817/010524.358:ERROR:process_reader_win.cc(151)] SuspendThread: Odmowa dostêpu. (0x5)
[0817/010524.406:ERROR:process_reader_win.cc(151)] SuspendThread: Odmowa dostêpu. (0x5)
[0817/010524.406:ERROR:process_reader_win.cc(151)] SuspendThread: Odmowa dostêpu. (0x5)
[0817/010524.406:ERROR:process_reader_win.cc(151)] SuspendThread: Odmowa dostêpu. (0x5)
[0817/010524.407:ERROR:process_reader_win.cc(151)] SuspendThread: Odmowa dostêpu. (0x5)
[0817/010524.409:ERROR:process_reader_win.cc(151)] SuspendThread: Odmowa dostêpu. (0x5)
[0817/010524.409:ERROR:process_reader_win.cc(151)] SuspendThread: Odmowa dostêpu. (0x5)
[0817/010524.409:ERROR:process_reader_win.cc(151)] SuspendThread: Odmowa dostêpu. (0x5)
[0817/010524.409:ERROR:process_reader_win.cc(151)] SuspendThread: Odmowa dostêpu. (0x5)
[0817/010524.409:ERROR:process_reader_win.cc(151)] SuspendThread: Odmowa dostêpu. (0x5)
[0817/010524.409:ERROR:process_reader_win.cc(151)] SuspendThread: Odmowa dostêpu. (0x5)
[0817/010524.409:ERROR:process_reader_win.cc(151)] SuspendThread: Odmowa dostêpu. (0x5)
[0817/010524.360:ERROR:process_reader_win.cc(123)] NtOpenThread: {Odmowa dostêpu} Proces za¿¹da³ dostêpu do obiektu, ale prawa dostêpu nie zosta³y przyznane. (0xc0000022)
[0817/010524.409:ERROR:process_reader_win.cc(123)] NtOpenThread: {Odmowa dostêpu} Proces za¿¹da³ dostêpu do obiektu, ale prawa dostêpu nie zosta³y przyznane. (0xc0000022)
[0817/010524.424:ERROR:exception_snapshot_win.cc(98)] thread ID 2968 not found in process
[0817/010524.424:ERROR:exception_snapshot_win.cc(98)] thread ID 16564 not found in process
[0906/004447.555:ERROR:process_reader_win.cc(151)] SuspendThread: ???????? ? ???????. (0x5)
[0906/004447.629:ERROR:process_reader_win.cc(151)] SuspendThread: ???????? ? ???????. (0x5)
[0906/004447.541:ERROR:process_reader_win.cc(151)] SuspendThread: ???????? ? ???????. (0x5)
[0906/004447.686:ERROR:process_reader_win.cc(151)] SuspendThread: ???????? ? ???????. (0x5)
[0906/004447.686:ERROR:process_reader_win.cc(151)] SuspendThread: ???????? ? ???????. (0x5)
[0906/004447.686:ERROR:process_reader_win.cc(151)] SuspendThread: ???????? ? ???????. (0x5)
[0906/004447.686:ERROR:process_reader_win.cc(151)] SuspendThread: ???????? ? ???????. (0x5)
[0906/004447.686:ERROR:process_reader_win.cc(151)] SuspendThread: ???????? ? ???????. (0x5)
[0906/004447.686:ERROR:process_reader_win.cc(151)] SuspendThread: ???????? ? ???????. (0x5)
[0906/004447.686:ERROR:process_reader_win.cc(151)] SuspendThread: ???????? ? ???????. (0x5)
[0906/004447.686:ERROR:process_reader_win.cc(151)] SuspendThread: ???????? ? ???????. (0x5)
[0906/004447.686:ERROR:process_reader_win.cc(151)] SuspendThread: ???????? ? ???????. (0x5)
[0906/004447.686:ERROR:process_reader_win.cc(151)] SuspendThread: ???????? ? ???????. (0x5)
[0906/004447.686:ERROR:process_reader_win.cc(151)] SuspendThread: ???????? ? ???????. (0x5)
[0906/004447.686:ERROR:process_reader_win.cc(151)] SuspendThread: ???????? ? ???????. (0x5)
[0906/004447.686:ERROR:process_reader_win.cc(151)] SuspendThread: ???????? ? ???????. (0x5)
[0906/004447.686:ERROR:process_reader_win.cc(151)] SuspendThread: ???????? ? ???????. (0x5)
[0906/004447.686:ERROR:process_reader_win.cc(151)] SuspendThread: ???????? ? ???????. (0x5)
[0906/004447.686:ERROR:process_reader_win.cc(151)] SuspendThread: ???????? ? ???????. (0x5)
[0906/004447.686:ERROR:process_reader_win.cc(151)] SuspendThread: ???????? ? ???????. (0x5)
[0906/004447.686:ERROR:process_reader_win.cc(151)] SuspendThread: ???????? ? ???????. (0x5)
[0906/004447.686:ERROR:process_reader_win.cc(151)] SuspendThread: ???????? ? ???????. (0x5)
[0906/004447.686:ERROR:process_reader_win.cc(151)] SuspendThread: ???????? ? ???????. (0x5)
[0906/004447.686:ERROR:process_reader_win.cc(123)] NtOpenThread: {???????? ? ???????} ??????? ???????? ?????? ? ???????, ?? ????? ?? ?????? ?? ?????????????. (0xc0000022)
[0906/004448.142:ERROR:exception_snapshot_win.cc(99)] thread ID 16928 not found in process
[0906/004447.601:ERROR:process_reader_win.cc(123)] NtOpenThread: {???????? ? ???????} ??????? ???????? ?????? ? ???????, ?? ????? ?? ?????? ?? ?????????????. (0xc0000022)
[0906/004447.686:ERROR:process_reader_win.cc(123)] NtOpenThread: {???????? ? ???????} ??????? ???????? ?????? ? ???????, ?? ????? ?? ?????? ?? ?????????????. (0xc0000022)
[0906/004448.142:ERROR:exception_snapshot_win.cc(99)] thread ID 17112 not found in process
[0906/004447.575:ERROR:process_reader_win.cc(123)] NtOpenThread: {???????? ? ???????} ??????? ???????? ?????? ? ???????, ?? ????? ?? ?????? ?? ?????????????. (0xc0000022)
[0906/004448.142:ERROR:exception_snapshot_win.cc(99)] thread ID 16348 not found in process
[0906/004447.554:ERROR:process_reader_win.cc(123)] NtOpenThread: {???????? ? ???????} ??????? ???????? ?????? ? ???????, ?? ????? ?? ?????? ?? ?????????????. (0xc0000022)
[0906/004448.142:ERROR:exception_snapshot_win.cc(99)] thread ID 18236 not found in process
[0906/004448.143:ERROR:exception_snapshot_win.cc(99)] thread ID 8508 not found in process
[0906/004447.617:ERROR:process_reader_win.cc(123)] NtOpenThread: {???????? ? ???????} ??????? ???????? ?????? ? ???????, ?? ????? ?? ?????? ?? ?????????????. (0xc0000022)
[0906/004448.143:ERROR:exception_snapshot_win.cc(99)] thread ID 17356 not found in process
[0906/004448.142:ERROR:scoped_process_suspend.cc(40)] NtResumeProcess: ??????? ??????? ? ????????, ???????????? ????????? ??????????. (0xc000010a)
[0906/004447.686:ERROR:process_reader_win.cc(123)] NtOpenThread: {???????? ? ???????} ??????? ???????? ?????? ? ???????, ?? ????? ?? ?????? ?? ?????????????. (0xc0000022)
[0906/004448.143:ERROR:exception_snapshot_win.cc(99)] thread ID 18348 not found in process
[0906/004447.638:ERROR:process_reader_win.cc(123)] NtOpenThread: {???????? ? ???????} ??????? ???????? ?????? ? ???????, ?? ????? ?? ?????? ?? ?????????????. (0xc0000022)
[0906/004448.144:ERROR:exception_snapshot_win.cc(99)] thread ID 9476 not found in process
[0906/004448.144:ERROR:scoped_process_suspend.cc(40)] NtResumeProcess: ??????? ??????? ? ????????, ???????????? ????????? ??????????. (0xc000010a)
[0906/004447.635:ERROR:process_reader_win.cc(123)] NtOpenThread: {???????? ? ???????} ??????? ???????? ?????? ? ???????, ?? ????? ?? ?????? ?? ?????????????. (0xc0000022)
[0906/004448.144:ERROR:exception_snapshot_win.cc(99)] thread ID 17072 not found in process
[0906/004447.635:ERROR:process_reader_win.cc(123)] NtOpenThread: {???????? ? ???????} ??????? ???????? ?????? ? ???????, ?? ????? ?? ?????? ?? ?????????????. (0xc0000022)
[0906/004448.144:ERROR:exception_snapshot_win.cc(99)] thread ID 2584 not found in process
[0906/004447.568:ERROR:scoped_process_suspend.cc(31)] NtSuspendProcess: ??????? ??????? ? ????????, ???????????? ????????? ??????????. (0xc000010a)
[0906/004448.145:ERROR:process_info.cc(118)] ReadProcessMemory bool __cdecl crashpad::(anonymous namespace)::ReadStruct(HANDLE, crashpad::WinVMAddress, T *) [T = crashpad::process_types::PEB<crashpad::process_types::internal::Traits64>]: ?????? ReadProcessMemory ??? WriteProcessMemory ??? ???????? ?????? ????????. (0x12B)
[0906/004448.145:ERROR:process_info.cc(551)] ReadProcessData failed
[0906/004447.632:ERROR:process_reader_win.cc(123)] NtOpenThread: {???????? ? ???????} ??????? ???????? ?????? ? ???????, ?? ????? ?? ?????? ?? ?????????????. (0xc0000022)
[0906/004448.145:ERROR:exception_snapshot_win.cc(99)] thread ID 14052 not found in process
[0906/004448.145:ERROR:scoped_process_suspend.cc(40)] NtResumeProcess: ??????? ??????? ? ????????, ???????????? ????????? ??????????. (0xc000010a)
[0906/004447.568:ERROR:scoped_process_suspend.cc(31)] NtSuspendProcess: ??????? ??????? ? ????????, ???????????? ????????? ??????????. (0xc000010a)
[0906/004448.146:ERROR:process_info.cc(118)] ReadProcessMemory bool __cdecl crashpad::(anonymous namespace)::ReadStruct(HANDLE, crashpad::WinVMAddress, T *) [T = crashpad::process_types::PEB<crashpad::process_types::internal::Traits64>]: ?????? ReadProcessMemory ??? WriteProcessMemory ??? ???????? ?????? ????????. (0x12B)
[0906/004448.146:ERROR:process_info.cc(551)] ReadProcessData failed
[0906/004447.632:ERROR:process_reader_win.cc(123)] NtOpenThread: {???????? ? ???????} ??????? ???????? ?????? ? ???????, ?? ????? ?? ?????? ?? ?????????????. (0xc0000022)
[0906/004448.146:ERROR:exception_snapshot_win.cc(99)] thread ID 11052 not found in process
[0906/004447.568:ERROR:scoped_process_suspend.cc(31)] NtSuspendProcess: ??????? ??????? ? ????????, ???????????? ????????? ??????????. (0xc000010a)
[0906/004448.148:ERROR:process_info.cc(118)] ReadProcessMemory bool __cdecl crashpad::(anonymous namespace)::ReadStruct(HANDLE, crashpad::WinVMAddress, T *) [T = crashpad::process_types::PEB<crashpad::process_types::internal::Traits64>]: ?????? ReadProcessMemory ??? WriteProcessMemory ??? ???????? ?????? ????????. (0x12B)
[0906/004448.148:ERROR:process_info.cc(551)] ReadProcessData failed
[0907/004908.048:ERROR:process_reader_win.cc(123)] NtOpenThread: {???????? ? ???????} ??????? ???????? ?????? ? ???????, ?? ????? ?? ?????? ?? ?????????????. (0xc0000022)
[0907/004909.056:ERROR:exception_snapshot_win.cc(99)] thread ID 18284 not found in process
[0912/005536.536:ERROR:process_reader_win.cc(151)] SuspendThread: ???????? ? ???????. (0x5)
[0912/005536.555:ERROR:process_reader_win.cc(123)] NtOpenThread: {???????? ? ???????} ??????? ???????? ?????? ? ???????, ?? ????? ?? ?????? ?? ?????????????. (0xc0000022)
[0912/005536.576:ERROR:exception_snapshot_win.cc(99)] thread ID 556 not found in process
[0914/003556.815:ERROR:process_reader_win.cc(123)] NtOpenThread: {???????? ? ???????} ??????? ???????? ?????? ? ???????, ?? ????? ?? ?????? ?? ?????????????. (0xc0000022)
[0914/003556.943:ERROR:exception_snapshot_win.cc(99)] thread ID 17832 not found in process
[0917/010256.714:ERROR:process_info.cc(98)] ReadProcessMemory UNICODE_STRING: ?????? ReadProcessMemory ??? WriteProcessMemory ??? ???????? ?????? ????????. (0x12B)
[0917/010256.775:ERROR:process_info.cc(551)] ReadProcessData failed
[0917/010256.962:ERROR:process_info.cc(98)] ReadProcessMemory UNICODE_STRING: ?????? ReadProcessMemory ??? WriteProcessMemory ??? ???????? ?????? ????????. (0x12B)
[0917/010256.962:ERROR:process_info.cc(118)] ReadProcessMemory bool __cdecl crashpad::(anonymous namespace)::ReadStruct(HANDLE, crashpad::WinVMAddress, T *) [T = crashpad::process_types::LDR_DATA_TABLE_ENTRY<crashpad::process_types::internal::Traits64>]: ?????? ReadProcessMemory ??? WriteProcessMemory ??? ???????? ?????? ????????. (0x12B)
[0917/010256.962:ERROR:process_info.cc(329)] VirtualQueryEx: ???????? ? ???????. (0x5)
[0917/010256.963:ERROR:process_info.cc(556)] ReadMemoryInfo failed
[0917/010256.714:ERROR:process_reader_win.cc(123)] NtOpenThread: {???????? ? ???????} ??????? ???????? ?????? ? ???????, ?? ????? ?? ?????? ?? ?????????????. (0xc0000022)
[0917/010257.406:ERROR:exception_snapshot_win.cc(99)] thread ID 15068 not found in process
[0917/010256.714:ERROR:process_reader_win.cc(123)] NtOpenThread: {???????? ? ???????} ??????? ???????? ?????? ? ???????, ?? ????? ?? ?????? ?? ?????????????. (0xc0000022)
[0917/010257.407:ERROR:exception_snapshot_win.cc(99)] thread ID 17988 not found in process
[0917/010256.714:ERROR:process_reader_win.cc(123)] NtOpenThread: {???????? ? ???????} ??????? ???????? ?????? ? ???????, ?? ????? ?? ?????? ?? ?????????????. (0xc0000022)
[0917/010257.407:ERROR:exception_snapshot_win.cc(99)] thread ID 13620 not found in process
[0917/010256.714:ERROR:process_reader_win.cc(123)] NtOpenThread: {???????? ? ???????} ??????? ???????? ?????? ? ???????, ?? ????? ?? ?????? ?? ?????????????. (0xc0000022)
[0917/010256.797:ERROR:scoped_process_suspend.cc(31)] NtSuspendProcess: ??????? ??????? ? ????????, ???????????? ????????? ??????????. (0xc000010a)
[0917/010257.450:ERROR:exception_snapshot_win.cc(99)] thread ID 5568 not found in process
[0917/010256.714:ERROR:process_reader_win.cc(123)] NtOpenThread: {???????? ? ???????} ??????? ???????? ?????? ? ???????, ?? ????? ?? ?????? ?? ?????????????. (0xc0000022)
[0917/010257.450:ERROR:scoped_process_suspend.cc(40)] NtResumeProcess: ??????? ??????? ? ????????, ???????????? ????????? ??????????. (0xc000010a)
[0917/010257.451:ERROR:exception_snapshot_win.cc(99)] thread ID 8256 not found in process
[0917/010256.805:ERROR:scoped_process_suspend.cc(40)] NtResumeProcess: ??????? ??????? ? ????????, ???????????? ????????? ??????????. (0xc000010a)
[0917/010256.862:ERROR:process_reader_win.cc(123)] NtOpenThread: {???????? ? ???????} ??????? ???????? ?????? ? ???????, ?? ????? ?? ?????? ?? ?????????????. (0xc0000022)
[0917/010257.451:ERROR:exception_snapshot_win.cc(99)] thread ID 11780 not found in process
[0917/010256.963:ERROR:scoped_process_suspend.cc(40)] NtResumeProcess: ??????? ??????? ? ????????, ???????????? ????????? ??????????. (0xc000010a)
[0917/010257.407:ERROR:scoped_process_suspend.cc(40)] NtResumeProcess: ??????? ??????? ? ????????, ???????????? ????????? ??????????. (0xc000010a)
[0917/010257.450:ERROR:process_info.cc(118)] ReadProcessMemory bool __cdecl crashpad::(anonymous namespace)::ReadStruct(HANDLE, crashpad::WinVMAddress, T *) [T = crashpad::process_types::PEB<crashpad::process_types::internal::Traits64>]: ?????? ReadProcessMemory ??? WriteProcessMemory ??? ???????? ?????? ????????. (0x12B)
[0917/010257.451:ERROR:scoped_process_suspend.cc(40)] NtResumeProcess: ??????? ??????? ? ????????, ???????????? ????????? ??????????. (0xc000010a)
[0917/010257.451:ERROR:process_info.cc(551)] ReadProcessData failed
[0917/010257.451:ERROR:scoped_process_suspend.cc(40)] NtResumeProcess: ??????? ??????? ? ????????, ???????????? ????????? ??????????. (0xc000010a)
[0917/010257.406:ERROR:scoped_process_suspend.cc(40)] NtResumeProcess: ??????? ??????? ? ????????, ???????????? ????????? ??????????. (0xc000010a)
[0917/010257.336:ERROR:scoped_process_suspend.cc(31)] NtSuspendProcess: ??????? ??????? ? ????????, ???????????? ????????? ??????????. (0xc000010a)
[0917/010257.407:ERROR:scoped_process_suspend.cc(40)] NtResumeProcess: ??????? ??????? ? ????????, ???????????? ????????? ??????????. (0xc000010a)
[0917/010257.451:ERROR:process_info.cc(118)] ReadProcessMemory bool __cdecl crashpad::(anonymous namespace)::ReadStruct(HANDLE, crashpad::WinVMAddress, T *) [T = crashpad::process_types::PEB<crashpad::process_types::internal::Traits64>]: ?????? ReadProcessMemory ??? WriteProcessMemory ??? ???????? ?????? ????????. (0x12B)
[0917/010257.451:ERROR:process_info.cc(551)] ReadProcessData failed
[1001/004945.526:ERROR:process_reader_win.cc(123)] NtOpenThread: {???????? ? ???????} ??????? ???????? ?????? ? ???????, ?? ????? ?? ?????? ?? ?????????????. (0xc0000022)
[1001/004945.488:ERROR:process_reader_win.cc(123)] NtOpenThread: {???????? ? ???????} ??????? ???????? ?????? ? ???????, ?? ????? ?? ?????? ?? ?????????????. (0xc0000022)
[1001/004945.727:ERROR:exception_snapshot_win.cc(99)] thread ID 16016 not found in process
[1001/004945.596:ERROR:process_reader_win.cc(123)] NtOpenThread: {???????? ? ???????} ??????? ???????? ?????? ? ???????, ?? ????? ?? ?????? ?? ?????????????. (0xc0000022)
[1001/004945.727:ERROR:exception_snapshot_win.cc(99)] thread ID 14964 not found in process
[1001/004945.758:ERROR:exception_snapshot_win.cc(99)] thread ID 11172 not found in process
[1001/004945.442:ERROR:process_reader_win.cc(123)] NtOpenThread: {???????? ? ???????} ??????? ???????? ?????? ? ???????, ?? ????? ?? ?????? ?? ?????????????. (0xc0000022)
[1001/004945.795:ERROR:exception_snapshot_win.cc(99)] thread ID 8836 not found in process
